1608654781649	geckodriver	INFO	Listening on 127.0.0.1:58179
1608654782659	mozrunner::runner	INFO	Running command: "/usr/bin/firefox" "--marionette" "-foreground" "-no-remote" "-profile" "/tmp/rust_mozprofilesEhxks"
console.warn: SearchSettings: "get: No settings file exists, new profile?" (new Error("", "(unknown module)"))
1608654784477	Marionette	INFO	Listening on port 36817
1608654784629	Marionette	WARN	TLS certificate errors will be ignored for this session
console.warn: "Async method failed in safeAsyncMethod" (new Error("Connection closed, pending request to server0.conn0.child3/domwalker25, type cancelPick failed\n\nRequest stack:\nrequest@resource://devtools/shared/protocol/Front.js:288:14\ngenerateRequestMethods/</frontProto[name]@resource://devtools/shared/protocol/Front/FrontClassWithSpec.js:46:19\ncancelPick@resource://devtools/client/fronts/walker.js:617:18\nexports.safeAsyncMethod/<@resource://devtools/shared/async-utils.js:57:25\n_onInspectorFrontDestroyed@resource://devtools/client/inspector/node-picker.js:112:18\n_emit@resource://devtools/shared/event-emitter.js:226:34\nemit@resource://devtools/shared/event-emitter.js:172:18\nemit@resource://devtools/shared/event-emitter.js:324:18\nunmanage@resource://devtools/shared/protocol/Front.js:168:37\ndestroy@resource://devtools/shared/protocol/Pool.js:167:14\nbaseFrontClassDestroy@resource://devtools/shared/protocol/Front.js:103:13\ndestroy@resource://devtools/shared/protocol/Front.js:67:10\ndestroy@resource://devtools/client/fronts/inspector.js:96:11\n_destroyTarget@resource://devtools/client/fronts/targets/target-mixin.js:604:17\n", "resource://devtools/shared/protocol/Front.js", 99))
1608654803155	Marionette	INFO	Stopped listening on port 36817

###!!! [Parent][RunMessage] Error: Channel closing: too late to send/recv, messages will be lost

1608655501762	geckodriver	INFO	Listening on 127.0.0.1:45091
1608655501766	mozrunner::runner	INFO	Running command: "/usr/bin/firefox" "--marionette" "-foreground" "-no-remote" "-profile" "/tmp/rust_mozprofilelKzRnd"
console.warn: SearchSettings: "get: No settings file exists, new profile?" (new Error("", "(unknown module)"))
1608655503627	Marionette	INFO	Listening on port 37603
1608655503724	Marionette	WARN	TLS certificate errors will be ignored for this session
1608655735940	geckodriver	INFO	Listening on 127.0.0.1:43487
1608655735944	mozrunner::runner	INFO	Running command: "/usr/bin/firefox" "--marionette" "-foreground" "-no-remote" "-profile" "/tmp/rust_mozprofilezFKePg"
console.warn: SearchSettings: "get: No settings file exists, new profile?" (new Error("", "(unknown module)"))
1608655737580	Marionette	INFO	Listening on port 35451
1608655737678	Marionette	WARN	TLS certificate errors will be ignored for this session
1608655762326	Marionette	INFO	Stopped listening on port 35451

###!!! [Parent][RunMessage] Error: Channel closing: too late to send/recv, messages will be lost

1608655865499	geckodriver	INFO	Listening on 127.0.0.1:44195
1608655865503	mozrunner::runner	INFO	Running command: "/usr/bin/firefox" "--marionette" "-foreground" "-no-remote" "-profile" "/tmp/rust_mozprofileNMs6RX"
console.warn: SearchSettings: "get: No settings file exists, new profile?" (new Error("", "(unknown module)"))
1608655867250	Marionette	INFO	Listening on port 40317
1608655867321	Marionette	WARN	TLS certificate errors will be ignored for this session
1608655871603	Marionette	INFO	Stopped listening on port 40317

###!!! [Parent][RunMessage] Error: Channel closing: too late to send/recv, messages will be lost

1608655903452	geckodriver	INFO	Listening on 127.0.0.1:57057
1608655903456	mozrunner::runner	INFO	Running command: "/usr/bin/firefox" "--marionette" "-foreground" "-no-remote" "-profile" "/tmp/rust_mozprofileKbsmg4"
console.warn: SearchSettings: "get: No settings file exists, new profile?" (new Error("", "(unknown module)"))
1608655905236	Marionette	INFO	Listening on port 45483
1608655905278	Marionette	WARN	TLS certificate errors will be ignored for this session
1608655908613	Marionette	INFO	Stopped listening on port 45483

###!!! [Parent][RunMessage] Error: Channel closing: too late to send/recv, messages will be lost

1608655930155	geckodriver	INFO	Listening on 127.0.0.1:54725
1608655930158	mozrunner::runner	INFO	Running command: "/usr/bin/firefox" "--marionette" "-foreground" "-no-remote" "-profile" "/tmp/rust_mozprofilenNelQf"
console.warn: SearchSettings: "get: No settings file exists, new profile?" (new Error("", "(unknown module)"))
1608655932108	Marionette	INFO	Listening on port 35109
1608655932178	Marionette	WARN	TLS certificate errors will be ignored for this session
1608655935641	Marionette	INFO	Stopped listening on port 35109

###!!! [Parent][RunMessage] Error: Channel closing: too late to send/recv, messages will be lost

1608655983156	geckodriver	INFO	Listening on 127.0.0.1:44739
1608655983160	mozrunner::runner	INFO	Running command: "/usr/bin/firefox" "--marionette" "-foreground" "-no-remote" "-profile" "/tmp/rust_mozprofileGNwDUQ"
console.warn: SearchSettings: "get: No settings file exists, new profile?" (new Error("", "(unknown module)"))
1608655985019	Marionette	INFO	Listening on port 36373
1608655985079	Marionette	WARN	TLS certificate errors will be ignored for this session
1608656255704	Marionette	INFO	Stopped listening on port 36373

###!!! [Parent][RunMessage] Error: Channel closing: too late to send/recv, messages will be lost

1608656298290	geckodriver	INFO	Listening on 127.0.0.1:40829
1608656298294	mozrunner::runner	INFO	Running command: "/usr/bin/firefox" "--marionette" "-foreground" "-no-remote" "-profile" "/tmp/rust_mozprofileIB0IwG"
console.warn: SearchSettings: "get: No settings file exists, new profile?" (new Error("", "(unknown module)"))
1608656300097	Marionette	INFO	Listening on port 37055
1608656300114	Marionette	WARN	TLS certificate errors will be ignored for this session

###!!! [Child][RunMessage] Error: Channel closing: too late to send/recv, messages will be lost

1608656308828	Marionette	INFO	Stopped listening on port 37055

###!!! [Parent][RunMessage] Error: Channel closing: too late to send/recv, messages will be lost

1608656424887	Marionette	INFO	Stopped listening on port 37603

###!!! [Parent][RunMessage] Error: Channel closing: too late to send/recv, messages will be lost

1608656572756	geckodriver	INFO	Listening on 127.0.0.1:38989
1608656572760	mozrunner::runner	INFO	Running command: "/usr/bin/firefox" "--marionette" "-foreground" "-no-remote" "-profile" "/tmp/rust_mozprofilePpYz7U"
console.warn: SearchSettings: "get: No settings file exists, new profile?" (new Error("", "(unknown module)"))
1608656574484	Marionette	INFO	Listening on port 43653
1608656574599	Marionette	WARN	TLS certificate errors will be ignored for this session
1608656717798	geckodriver	INFO	Listening on 127.0.0.1:41943
1608656717802	mozrunner::runner	INFO	Running command: "/usr/bin/firefox" "--marionette" "-foreground" "-no-remote" "-profile" "/tmp/rust_mozprofileaUAaX2"
console.warn: SearchSettings: "get: No settings file exists, new profile?" (new Error("", "(unknown module)"))
1608656719676	Marionette	INFO	Listening on port 38591
1608656719721	Marionette	WARN	TLS certificate errors will be ignored for this session
1608656730144	Marionette	INFO	Stopped listening on port 38591

###!!! [Parent][RunMessage] Error: Channel closing: too late to send/recv, messages will be lost

1608656745797	geckodriver	INFO	Listening on 127.0.0.1:42283
1608656745800	mozrunner::runner	INFO	Running command: "/usr/bin/firefox" "--marionette" "-foreground" "-no-remote" "-profile" "/tmp/rust_mozprofileDHVUUY"
console.warn: SearchSettings: "get: No settings file exists, new profile?" (new Error("", "(unknown module)"))
1608656747533	Marionette	INFO	Listening on port 34943
1608656747620	Marionette	WARN	TLS certificate errors will be ignored for this session
1608656767181	Marionette	INFO	Stopped listening on port 34943

###!!! [Parent][RunMessage] Error: Channel closing: too late to send/recv, messages will be lost

1608656779450	geckodriver	INFO	Listening on 127.0.0.1:41823
1608656779454	mozrunner::runner	INFO	Running command: "/usr/bin/firefox" "--marionette" "-foreground" "-no-remote" "-profile" "/tmp/rust_mozprofile1Ryqi2"
console.warn: SearchSettings: "get: No settings file exists, new profile?" (new Error("", "(unknown module)"))
1608656781175	Marionette	INFO	Listening on port 40427
1608656781306	Marionette	WARN	TLS certificate errors will be ignored for this session
1608656791554	Marionette	INFO	Stopped listening on port 40427

###!!! [Parent][RunMessage] Error: Channel closing: too late to send/recv, messages will be lost

1608656851748	geckodriver	INFO	Listening on 127.0.0.1:38295
1608656851751	mozrunner::runner	INFO	Running command: "/usr/bin/firefox" "--marionette" "-foreground" "-no-remote" "-profile" "/tmp/rust_mozprofilezrmH5d"
console.warn: SearchSettings: "get: No settings file exists, new profile?" (new Error("", "(unknown module)"))
1608656853576	Marionette	INFO	Listening on port 43219
1608656853675	Marionette	WARN	TLS certificate errors will be ignored for this session
1608656945343	geckodriver	INFO	Listening on 127.0.0.1:46993
1608656945347	mozrunner::runner	INFO	Running command: "/usr/bin/firefox" "--marionette" "-foreground" "-no-remote" "-profile" "/tmp/rust_mozprofilehU8jFS"
console.warn: SearchSettings: "get: No settings file exists, new profile?" (new Error("", "(unknown module)"))
1608656947203	Marionette	INFO	Listening on port 35657
1608656947281	Marionette	WARN	TLS certificate errors will be ignored for this session
1608656958090	Marionette	INFO	Stopped listening on port 35657

###!!! [Parent][RunMessage] Error: Channel closing: too late to send/recv, messages will be lost

1608657076534	geckodriver	INFO	Listening on 127.0.0.1:50105
1608657076538	mozrunner::runner	INFO	Running command: "/usr/bin/firefox" "--marionette" "-foreground" "-no-remote" "-profile" "/tmp/rust_mozprofileOPOryN"
console.warn: SearchSettings: "get: No settings file exists, new profile?" (new Error("", "(unknown module)"))
1608657078331	Marionette	INFO	Listening on port 41053
1608657078357	Marionette	WARN	TLS certificate errors will be ignored for this session
console.error: (new TypeError("parent is null", "resource://devtools/client/inspector/shared/style-change-tracker.js", 67))
TypeError: parent is null: canMutationImpactCurrentStyles@resource://devtools/client/inspector/shared/style-change-tracker.js:67:24
onMutations@resource://devtools/client/inspector/shared/style-change-tracker.js:84:41
_emit@resource://devtools/shared/event-emitter.js:226:34
emit@resource://devtools/shared/event-emitter.js:172:18
emit@resource://devtools/shared/event-emitter.js:324:18
getMutations@resource://devtools/client/fronts/walker.js:405:10

console.error: "Error while calling actor 'pagestyle's method 'getApplied'" "node is null"
console.error: "getApplied@resource://devtools/server/actors/page-style.js:573:5\nhandler@resource://devtools/shared/protocol/Actor.js:172:37\nonPacket@resource://devtools/server/devtools-server-connection.js:379:58\nreceiveMessage@resource://devtools/shared/transport/child-transport.js:68:16\n"
console.error: (new TypeError("nodeFront.walkerFront is null", "resource://devtools/client/inspector/markup/markup.js", 885))
TypeError: nodeFront.walkerFront is null: _onNewSelection@resource://devtools/client/inspector/markup/markup.js:885:7
_emit@resource://devtools/shared/event-emitter.js:226:34
emit@resource://devtools/shared/event-emitter.js:172:18
emit@resource://devtools/shared/event-emitter.js:324:18
setNodeFront@resource://devtools/client/framework/selection.js:161:10
onDetached@resource://devtools/client/inspector/inspector.js:1641:20
_emit@resource://devtools/shared/event-emitter.js:226:34
emit@resource://devtools/shared/event-emitter.js:172:18
emit@resource://devtools/shared/event-emitter.js:324:18
_onMutations@resource://devtools/client/framework/selection.js:104:12
_emit@resource://devtools/shared/event-emitter.js:226:34
emit@resource://devtools/shared/event-emitter.js:172:18
emit@resource://devtools/shared/event-emitter.js:324:18
getMutations@resource://devtools/client/fronts/walker.js:405:10

console.error: (new Error("Can not send request 'getAllSelectors' because front 'domnode' is already destroyed.", "resource://devtools/shared/protocol/Front/FrontClassWithSpec.js", 28))
Error: Can not send request 'getAllSelectors' because front 'domnode' is already destroyed.: generateRequestMethods/</frontProto[name]@resource://devtools/shared/protocol/Front/FrontClassWithSpec.js:28:15
updateSelectionCssSelectors@resource://devtools/client/inspector/inspector.js:1455:32
onNewSelection@resource://devtools/client/inspector/inspector.js:1526:10
_emit@resource://devtools/shared/event-emitter.js:226:34
emit@resource://devtools/shared/event-emitter.js:172:18
emit@resource://devtools/shared/event-emitter.js:324:18
setNodeFront@resource://devtools/client/framework/selection.js:161:10
onDetached@resource://devtools/client/inspector/inspector.js:1641:20
_emit@resource://devtools/shared/event-emitter.js:226:34
emit@resource://devtools/shared/event-emitter.js:172:18
emit@resource://devtools/shared/event-emitter.js:324:18
_onMutations@resource://devtools/client/framework/selection.js:104:12
_emit@resource://devtools/shared/event-emitter.js:226:34
emit@resource://devtools/shared/event-emitter.js:172:18
emit@resource://devtools/shared/event-emitter.js:324:18
getMutations@resource://devtools/client/fronts/walker.js:405:10

console.error: (new TypeError("container.node.targetFront is null", "resource://devtools/client/inspector/markup/markup.js", 2252))
JavaScript error: resource://devtools/client/inspector/markup/views/element-editor.js, line 508: TypeError: this.node.walkerFront is null
console.error: (new Error("Protocol error (TypeError): node is null from: server0.conn0.child3/pagestyle26 (resource://devtools/server/actors/page-style.js:573:5)", "resource://devtools/shared/protocol/Front.js", 361))
console.error: (new TypeError("parent is null", "resource://devtools/client/inspector/shared/style-change-tracker.js", 67))
TypeError: parent is null: canMutationImpactCurrentStyles@resource://devtools/client/inspector/shared/style-change-tracker.js:67:24
onMutations@resource://devtools/client/inspector/shared/style-change-tracker.js:84:41
_emit@resource://devtools/shared/event-emitter.js:226:34
emit@resource://devtools/shared/event-emitter.js:172:18
emit@resource://devtools/shared/event-emitter.js:324:18
getMutations@resource://devtools/client/fronts/walker.js:405:10

console.error: (new TypeError("parent is null", "resource://devtools/client/inspector/shared/style-change-tracker.js", 67))
TypeError: parent is null: canMutationImpactCurrentStyles@resource://devtools/client/inspector/shared/style-change-tracker.js:67:24
onMutations@resource://devtools/client/inspector/shared/style-change-tracker.js:84:41
_emit@resource://devtools/shared/event-emitter.js:226:34
emit@resource://devtools/shared/event-emitter.js:172:18
emit@resource://devtools/shared/event-emitter.js:324:18
getMutations@resource://devtools/client/fronts/walker.js:405:10

1608657176069	Marionette	INFO	Stopped listening on port 43653

###!!! [Parent][RunMessage] Error: Channel closing: too late to send/recv, messages will be lost

console.error: (new TypeError("parent is null", "resource://devtools/client/inspector/shared/style-change-tracker.js", 67))
TypeError: parent is null: canMutationImpactCurrentStyles@resource://devtools/client/inspector/shared/style-change-tracker.js:67:24
onMutations@resource://devtools/client/inspector/shared/style-change-tracker.js:84:41
_emit@resource://devtools/shared/event-emitter.js:226:34
emit@resource://devtools/shared/event-emitter.js:172:18
emit@resource://devtools/shared/event-emitter.js:324:18
getMutations@resource://devtools/client/fronts/walker.js:405:10

console.error: (new TypeError("parent is null", "resource://devtools/client/inspector/shared/style-change-tracker.js", 67))
TypeError: parent is null: canMutationImpactCurrentStyles@resource://devtools/client/inspector/shared/style-change-tracker.js:67:24
onMutations@resource://devtools/client/inspector/shared/style-change-tracker.js:84:41
_emit@resource://devtools/shared/event-emitter.js:226:34
emit@resource://devtools/shared/event-emitter.js:172:18
emit@resource://devtools/shared/event-emitter.js:324:18
getMutations@resource://devtools/client/fronts/walker.js:405:10

console.warn: "Async method failed in safeAsyncMethod" (new Error("Connection closed, pending request to server0.conn0.child3/domwalker25, type cancelPick failed\n\nRequest stack:\nrequest@resource://devtools/shared/protocol/Front.js:288:14\ngenerateRequestMethods/</frontProto[name]@resource://devtools/shared/protocol/Front/FrontClassWithSpec.js:46:19\ncancelPick@resource://devtools/client/fronts/walker.js:617:18\nexports.safeAsyncMethod/<@resource://devtools/shared/async-utils.js:57:25\n_onInspectorFrontDestroyed@resource://devtools/client/inspector/node-picker.js:112:18\n_emit@resource://devtools/shared/event-emitter.js:226:34\nemit@resource://devtools/shared/event-emitter.js:172:18\nemit@resource://devtools/shared/event-emitter.js:324:18\nunmanage@resource://devtools/shared/protocol/Front.js:168:37\ndestroy@resource://devtools/shared/protocol/Pool.js:167:14\nbaseFrontClassDestroy@resource://devtools/shared/protocol/Front.js:103:13\ndestroy@resource://devtools/shared/protocol/Front.js:67:10\ndestroy@resource://devtools/client/fronts/inspector.js:96:11\n_destroyTarget@resource://devtools/client/fronts/targets/target-mixin.js:604:17\n", "resource://devtools/shared/protocol/Front.js", 99))
1608657188339	Marionette	INFO	Stopped listening on port 43219

###!!! [Parent][RunMessage] Error: Channel closing: too late to send/recv, messages will be lost

1608657190433	geckodriver	INFO	Listening on 127.0.0.1:49331
1608657190436	mozrunner::runner	INFO	Running command: "/usr/bin/firefox" "--marionette" "-foreground" "-no-remote" "-profile" "/tmp/rust_mozprofileew6mOh"
console.warn: SearchSettings: "get: No settings file exists, new profile?" (new Error("", "(unknown module)"))
1608657192508	Marionette	INFO	Listening on port 43843
1608657192555	Marionette	WARN	TLS certificate errors will be ignored for this session
console.error: (new TypeError("parent is null", "resource://devtools/client/inspector/shared/style-change-tracker.js", 67))
TypeError: parent is null: canMutationImpactCurrentStyles@resource://devtools/client/inspector/shared/style-change-tracker.js:67:24
onMutations@resource://devtools/client/inspector/shared/style-change-tracker.js:84:41
_emit@resource://devtools/shared/event-emitter.js:226:34
emit@resource://devtools/shared/event-emitter.js:172:18
emit@resource://devtools/shared/event-emitter.js:324:18
getMutations@resource://devtools/client/fronts/walker.js:405:10

1608657203526	Marionette	INFO	Stopped listening on port 43843

###!!! [Parent][RunMessage] Error: Channel closing: too late to send/recv, messages will be lost

1608657220070	geckodriver	INFO	Listening on 127.0.0.1:58643
1608657220073	mozrunner::runner	INFO	Running command: "/usr/bin/firefox" "--marionette" "-foreground" "-no-remote" "-profile" "/tmp/rust_mozprofilevaUuQV"
console.warn: SearchSettings: "get: No settings file exists, new profile?" (new Error("", "(unknown module)"))
1608657221876	Marionette	INFO	Listening on port 44109
1608657221895	Marionette	WARN	TLS certificate errors will be ignored for this session
1608657253038	Marionette	INFO	Stopped listening on port 44109

###!!! [Parent][RunMessage] Error: Channel closing: too late to send/recv, messages will be lost

1608657254305	geckodriver	INFO	Listening on 127.0.0.1:59517
1608657254309	mozrunner::runner	INFO	Running command: "/usr/bin/firefox" "--marionette" "-foreground" "-no-remote" "-profile" "/tmp/rust_mozprofilebbZunS"
console.warn: SearchSettings: "get: No settings file exists, new profile?" (new Error("", "(unknown module)"))
1608657256336	Marionette	INFO	Listening on port 39997
1608657256427	Marionette	WARN	TLS certificate errors will be ignored for this session
1608657261242	Marionette	INFO	Stopped listening on port 39997

###!!! [Parent][RunMessage] Error: Channel closing: too late to send/recv, messages will be lost

1608657278195	geckodriver	INFO	Listening on 127.0.0.1:47313
1608657278198	mozrunner::runner	INFO	Running command: "/usr/bin/firefox" "--marionette" "-foreground" "-no-remote" "-profile" "/tmp/rust_mozprofilevfw5zg"
console.warn: SearchSettings: "get: No settings file exists, new profile?" (new Error("", "(unknown module)"))
1608657279979	Marionette	INFO	Listening on port 37831
1608657280037	Marionette	WARN	TLS certificate errors will be ignored for this session
1608657344386	Marionette	INFO	Stopped listening on port 37831

###!!! [Parent][RunMessage] Error: Channel closing: too late to send/recv, messages will be lost

console.error: (new TypeError("parent is null", "resource://devtools/client/inspector/shared/style-change-tracker.js", 67))
TypeError: parent is null: canMutationImpactCurrentStyles@resource://devtools/client/inspector/shared/style-change-tracker.js:67:24
onMutations@resource://devtools/client/inspector/shared/style-change-tracker.js:84:41
_emit@resource://devtools/shared/event-emitter.js:226:34
emit@resource://devtools/shared/event-emitter.js:172:18
emit@resource://devtools/shared/event-emitter.js:324:18
getMutations@resource://devtools/client/fronts/walker.js:405:10

1608657392063	geckodriver	INFO	Listening on 127.0.0.1:56607
1608657392067	mozrunner::runner	INFO	Running command: "/usr/bin/firefox" "--marionette" "-foreground" "-no-remote" "-profile" "/tmp/rust_mozprofiley2UoXr"
console.warn: SearchSettings: "get: No settings file exists, new profile?" (new Error("", "(unknown module)"))
1608657393974	Marionette	INFO	Listening on port 43121
1608657394085	Marionette	WARN	TLS certificate errors will be ignored for this session
1608657644295	Marionette	INFO	Stopped listening on port 43121

###!!! [Parent][RunMessage] Error: Channel closing: too late to send/recv, messages will be lost

1608657658582	geckodriver	INFO	Listening on 127.0.0.1:40407
1608657658587	mozrunner::runner	INFO	Running command: "/usr/bin/firefox" "--marionette" "-foreground" "-no-remote" "-profile" "/tmp/rust_mozprofileEK0Xwz"
console.warn: SearchSettings: "get: No settings file exists, new profile?" (new Error("", "(unknown module)"))
1608657660664	Marionette	INFO	Listening on port 45921
1608657660717	Marionette	WARN	TLS certificate errors will be ignored for this session
1608657722176	Marionette	INFO	Stopped listening on port 45921

###!!! [Parent][RunMessage] Error: Channel closing: too late to send/recv, messages will be lost

console.error: (new TypeError("parent is null", "resource://devtools/client/inspector/shared/style-change-tracker.js", 67))
TypeError: parent is null: canMutationImpactCurrentStyles@resource://devtools/client/inspector/shared/style-change-tracker.js:67:24
onMutations@resource://devtools/client/inspector/shared/style-change-tracker.js:84:41
_emit@resource://devtools/shared/event-emitter.js:226:34
emit@resource://devtools/shared/event-emitter.js:172:18
emit@resource://devtools/shared/event-emitter.js:324:18
getMutations@resource://devtools/client/fronts/walker.js:405:10

console.error: (new TypeError("parent is null", "resource://devtools/client/inspector/shared/style-change-tracker.js", 67))
TypeError: parent is null: canMutationImpactCurrentStyles@resource://devtools/client/inspector/shared/style-change-tracker.js:67:24
onMutations@resource://devtools/client/inspector/shared/style-change-tracker.js:84:41
_emit@resource://devtools/shared/event-emitter.js:226:34
emit@resource://devtools/shared/event-emitter.js:172:18
emit@resource://devtools/shared/event-emitter.js:324:18
getMutations@resource://devtools/client/fronts/walker.js:405:10

1608657726512	Marionette	INFO	Stopped listening on port 41053

###!!! [Parent][RunMessage] Error: Channel closing: too late to send/recv, messages will be lost

1608657974561	geckodriver	INFO	Listening on 127.0.0.1:55753
1608657974565	mozrunner::runner	INFO	Running command: "/usr/bin/firefox" "--marionette" "-foreground" "-no-remote" "-profile" "/tmp/rust_mozprofileMJjIQ7"
console.warn: SearchSettings: "get: No settings file exists, new profile?" (new Error("", "(unknown module)"))
1608657976330	Marionette	INFO	Listening on port 39405
1608657976402	Marionette	WARN	TLS certificate errors will be ignored for this session
1608658048822	Marionette	INFO	Stopped listening on port 39405

###!!! [Parent][RunMessage] Error: Channel closing: too late to send/recv, messages will be lost

1608658060717	geckodriver	INFO	Listening on 127.0.0.1:54889
1608658060720	mozrunner::runner	INFO	Running command: "/usr/bin/firefox" "--marionette" "-foreground" "-no-remote" "-profile" "/tmp/rust_mozprofileFBnOBp"
console.warn: SearchSettings: "get: No settings file exists, new profile?" (new Error("", "(unknown module)"))
1608658062454	Marionette	INFO	Listening on port 40365
1608658062542	Marionette	WARN	TLS certificate errors will be ignored for this session
1608658428468	Marionette	INFO	Stopped listening on port 40365

###!!! [Parent][RunMessage] Error: Channel closing: too late to send/recv, messages will be lost

1608658499941	geckodriver	INFO	Listening on 127.0.0.1:50677
1608658499945	mozrunner::runner	INFO	Running command: "/usr/bin/firefox" "--marionette" "-foreground" "-no-remote" "-profile" "/tmp/rust_mozprofilekA2J5o"
console.warn: SearchSettings: "get: No settings file exists, new profile?" (new Error("", "(unknown module)"))
1608658501719	Marionette	INFO	Listening on port 40255
1608658501764	Marionette	WARN	TLS certificate errors will be ignored for this session
1608658745094	Marionette	INFO	Stopped listening on port 40255

###!!! [Parent][RunMessage] Error: Channel closing: too late to send/recv, messages will be lost

1608658753392	geckodriver	INFO	Listening on 127.0.0.1:40151
1608658753395	mozrunner::runner	INFO	Running command: "/usr/bin/firefox" "--marionette" "-foreground" "-no-remote" "-profile" "/tmp/rust_mozprofilexfQIY4"
console.warn: SearchSettings: "get: No settings file exists, new profile?" (new Error("", "(unknown module)"))
1608658755345	Marionette	INFO	Listening on port 46377
1608658755417	Marionette	WARN	TLS certificate errors will be ignored for this session
1608658765734	Marionette	INFO	Stopped listening on port 46377

###!!! [Parent][RunMessage] Error: Channel closing: too late to send/recv, messages will be lost

1608658773378	geckodriver	INFO	Listening on 127.0.0.1:32781
1608658773381	mozrunner::runner	INFO	Running command: "/usr/bin/firefox" "--marionette" "-foreground" "-no-remote" "-profile" "/tmp/rust_mozprofilegkne5P"
console.warn: SearchSettings: "get: No settings file exists, new profile?" (new Error("", "(unknown module)"))
1608658775226	Marionette	INFO	Listening on port 33323
1608658775303	Marionette	WARN	TLS certificate errors will be ignored for this session
1608659193543	Marionette	INFO	Stopped listening on port 33323

###!!! [Parent][RunMessage] Error: Channel closing: too late to send/recv, messages will be lost

1608659214815	geckodriver	INFO	Listening on 127.0.0.1:59621
1608659214819	mozrunner::runner	INFO	Running command: "/usr/bin/firefox" "--marionette" "-foreground" "-no-remote" "-profile" "/tmp/rust_mozprofilesJ4poS"
console.warn: SearchSettings: "get: No settings file exists, new profile?" (new Error("", "(unknown module)"))
1608659216725	Marionette	INFO	Listening on port 41169
1608659216836	Marionette	WARN	TLS certificate errors will be ignored for this session
1608659231515	Marionette	INFO	Stopped listening on port 41169

###!!! [Parent][RunMessage] Error: Channel closing: too late to send/recv, messages will be lost

1608659354848	geckodriver	INFO	Listening on 127.0.0.1:42763
1608659354853	mozrunner::runner	INFO	Running command: "/usr/bin/firefox" "--marionette" "-foreground" "-no-remote" "-profile" "/tmp/rust_mozprofileAptFtF"
console.warn: SearchSettings: "get: No settings file exists, new profile?" (new Error("", "(unknown module)"))
1608659356744	Marionette	INFO	Listening on port 44747
1608659356783	Marionette	WARN	TLS certificate errors will be ignored for this session
1608659368099	Marionette	INFO	Stopped listening on port 44747

###!!! [Parent][RunMessage] Error: Channel closing: too late to send/recv, messages will be lost

1608659462259	geckodriver	INFO	Listening on 127.0.0.1:52209
1608659462263	mozrunner::runner	INFO	Running command: "/usr/bin/firefox" "--marionette" "-foreground" "-no-remote" "-profile" "/tmp/rust_mozprofilecdZSgj"
console.warn: SearchSettings: "get: No settings file exists, new profile?" (new Error("", "(unknown module)"))
1608659464142	Marionette	INFO	Listening on port 36161
1608659464198	Marionette	WARN	TLS certificate errors will be ignored for this session
1608659482863	Marionette	INFO	Stopped listening on port 36161

###!!! [Parent][RunMessage] Error: Channel closing: too late to send/recv, messages will be lost

1608665726293	geckodriver	INFO	Listening on 127.0.0.1:44401
1608665726296	mozrunner::runner	INFO	Running command: "/usr/bin/firefox" "--marionette" "-foreground" "-no-remote" "-profile" "/tmp/rust_mozprofile0lmXQc"
console.warn: SearchSettings: "get: No settings file exists, new profile?" (new Error("", "(unknown module)"))
1608665728135	Marionette	INFO	Listening on port 45585
1608665728215	Marionette	WARN	TLS certificate errors will be ignored for this session
1608665740186	Marionette	INFO	Stopped listening on port 45585

###!!! [Parent][RunMessage] Error: Channel closing: too late to send/recv, messages will be lost

1608665836915	geckodriver	INFO	Listening on 127.0.0.1:44099
1608665836919	mozrunner::runner	INFO	Running command: "/usr/bin/firefox" "--marionette" "-foreground" "-no-remote" "-profile" "/tmp/rust_mozprofileCh6DdE"
console.warn: SearchSettings: "get: No settings file exists, new profile?" (new Error("", "(unknown module)"))
1608665838674	Marionette	INFO	Listening on port 41657
1608665838739	Marionette	WARN	TLS certificate errors will be ignored for this session
1608665874900	Marionette	INFO	Stopped listening on port 41657

###!!! [Parent][RunMessage] Error: Channel closing: too late to send/recv, messages will be lost

1608665890087	geckodriver	INFO	Listening on 127.0.0.1:55823
1608665890091	mozrunner::runner	INFO	Running command: "/usr/bin/firefox" "--marionette" "-foreground" "-no-remote" "-profile" "/tmp/rust_mozprofilePQhV6L"
console.warn: SearchSettings: "get: No settings file exists, new profile?" (new Error("", "(unknown module)"))
1608665891965	Marionette	INFO	Listening on port 38111
1608665892012	Marionette	WARN	TLS certificate errors will be ignored for this session
1608665920843	Marionette	INFO	Stopped listening on port 38111

###!!! [Parent][RunMessage] Error: Channel closing: too late to send/recv, messages will be lost

